<?xml version="1.0" encoding="UTF-8"?>
<!-- Generated by org.testng.reporters.JUnitXMLReporter -->
<testsuite ignored="2" hostname="LAPTOP-E2PSIL5I" failures="1" tests="2" name="ChromeExecutionSuite" time="259.295" errors="0" timestamp="2023-02-18T21:17:42 IST">
  <testcase classname="GenericUtilities.BaseClass" name="@AfterMethod amConfig" time="2.206">
    <failure type="org.openqa.selenium.ElementNotInteractableException" message="Element &amp;lt;a id=&amp;quot;nav-item-signout&amp;quot; class=&amp;quot;nav-link nav-item&amp;quot; href=&amp;quot;/gp/flex/sign-out.html?path=%2Fgp%2Fyourstore%2Fhome&amp;amp;useRedirectOnSuccess=1&amp;amp;signIn=1&amp;amp;action=sign-out&amp;amp;ref_=nav_AccountFlyout_signout&amp;quot;&amp;gt; could not be scrolled into view
Build info: version: &amp;apos;4.4.0&amp;apos;, revision: &amp;apos;e5c75ed026a&amp;apos;
System info: host: &amp;apos;LAPTOP-E2PSIL5I&amp;apos;, ip: &amp;apos;192.168.1.29&amp;apos;, os.name: &amp;apos;Windows 10&amp;apos;, os.arch: &amp;apos;amd64&amp;apos;, os.version: &amp;apos;10.0&amp;apos;, java.version: &amp;apos;17.0.5&amp;apos;
Driver info: org.openqa.selenium.firefox.FirefoxDriver
Command: [8f0b916c-eef8-462d-acff-ce3887b3740c, clickElement {id=c29f872f-7c95-47b3-ac8c-92ecac36e063}]
Capabilities {acceptInsecureCerts: true, browserName: firefox, browserVersion: 75.0, moz:accessibilityChecks: false, moz:buildID: 20200403170909, moz:geckodriverVersion: 0.32.2, moz:headless: false, moz:processID: 20504, moz:profile: C:\Users\sharu\AppData\Loca..., moz:shutdownTimeout: 60000, moz:useNonSpecCompliantPointerOrigin: false, moz:webdriverClick: true, pageLoadStrategy: normal, platformName: WINDOWS, platformVersion: 10.0, rotatable: false, setWindowRect: true, strictFileInteractability: false, timeouts: {implicit: 0, pageLoad: 300000, script: 30000}, unhandledPromptBehavior: dismiss and notify}
Element: [[FirefoxDriver: firefox on WINDOWS (8f0b916c-eef8-462d-acff-ce3887b3740c)] -&amp;gt; id: nav-item-signout]
Session ID: 8f0b916c-eef8-462d-acff-ce3887b3740c">
      <![CDATA[org.openqa.selenium.ElementNotInteractableException: Element <a id="nav-item-signout" class="nav-link nav-item" href="/gp/flex/sign-out.html?path=%2Fgp%2Fyourstore%2Fhome&useRedirectOnSuccess=1&signIn=1&action=sign-out&ref_=nav_AccountFlyout_signout"> could not be scrolled into view
Build info: version: '4.4.0', revision: 'e5c75ed026a'
System info: host: 'LAPTOP-E2PSIL5I', ip: '192.168.1.29', os.name: 'Windows 10', os.arch: 'amd64', os.version: '10.0', java.version: '17.0.5'
Driver info: org.openqa.selenium.firefox.FirefoxDriver
Command: [8f0b916c-eef8-462d-acff-ce3887b3740c, clickElement {id=c29f872f-7c95-47b3-ac8c-92ecac36e063}]
Capabilities {acceptInsecureCerts: true, browserName: firefox, browserVersion: 75.0, moz:accessibilityChecks: false, moz:buildID: 20200403170909, moz:geckodriverVersion: 0.32.2, moz:headless: false, moz:processID: 20504, moz:profile: C:\Users\sharu\AppData\Loca..., moz:shutdownTimeout: 60000, moz:useNonSpecCompliantPointerOrigin: false, moz:webdriverClick: true, pageLoadStrategy: normal, platformName: WINDOWS, platformVersion: 10.0, rotatable: false, setWindowRect: true, strictFileInteractability: false, timeouts: {implicit: 0, pageLoad: 300000, script: 30000}, unhandledPromptBehavior: dismiss and notify}
Element: [[FirefoxDriver: firefox on WINDOWS (8f0b916c-eef8-462d-acff-ce3887b3740c)] -> id: nav-item-signout]
Session ID: 8f0b916c-eef8-462d-acff-ce3887b3740c
at org.openqa.selenium.remote.codec.w3c.W3CHttpResponseCodec.createException(W3CHttpResponseCodec.java:200)
at org.openqa.selenium.remote.codec.w3c.W3CHttpResponseCodec.decode(W3CHttpResponseCodec.java:133)
at org.openqa.selenium.remote.codec.w3c.W3CHttpResponseCodec.decode(W3CHttpResponseCodec.java:53)
at org.openqa.selenium.remote.HttpCommandExecutor.execute(HttpCommandExecutor.java:184)
at org.openqa.selenium.remote.service.DriverCommandExecutor.invokeExecute(DriverCommandExecutor.java:167)
at org.openqa.selenium.remote.service.DriverCommandExecutor.execute(DriverCommandExecutor.java:142)
at org.openqa.selenium.remote.RemoteWebDriver.execute(RemoteWebDriver.java:547)
at org.openqa.selenium.remote.RemoteWebElement.execute(RemoteWebElement.java:257)
at org.openqa.selenium.remote.RemoteWebElement.click(RemoteWebElement.java:78)
at org.openqa.selenium.support.pagefactory.internal.LocatingElementHandler.invoke(LocatingElementHandler.java:52)
at jdk.proxy2/jdk.proxy2.$Proxy23.click(Unknown Source)
at ObjectRepository.HomePage.logoutOfApplication(HomePage.java:106)
at GenericUtilities.BaseClass.amConfig(BaseClass.java:113)
at java.base/java.util.ArrayList.forEach(ArrayList.java:1511)
at java.base/java.util.concurrent.FutureTask.run(FutureTask.java:264)
at java.base/java.util.concurrent.ThreadPoolExecutor.runWorker(ThreadPoolExecutor.java:1136)
at java.base/java.util.concurrent.ThreadPoolExecutor$Worker.run(ThreadPoolExecutor.java:635)
at java.base/java.lang.Thread.run(Thread.java:833)
... Removed 32 stack frames]]>
    </failure>
  </testcase> <!-- @AfterMethod amConfig -->
  <testcase classname="GenericUtilities.BaseClass" name="@AfterClass acConfig" time="-1.676735095364E9">
    <skipped/>
  </testcase> <!-- @AfterClass acConfig -->
  <testcase classname="GenericUtilities.BaseClass" name="@AfterMethod amConfig" time="2.31">
    <failure type="org.openqa.selenium.ElementNotInteractableException" message="Element &amp;lt;a id=&amp;quot;nav-item-signout&amp;quot; class=&amp;quot;nav-link nav-item&amp;quot; href=&amp;quot;/gp/flex/sign-out.html?path=%2Fgp%2Fyourstore%2Fhome&amp;amp;useRedirectOnSuccess=1&amp;amp;signIn=1&amp;amp;action=sign-out&amp;amp;ref_=nav_AccountFlyout_signout&amp;quot;&amp;gt; could not be scrolled into view
Build info: version: &amp;apos;4.4.0&amp;apos;, revision: &amp;apos;e5c75ed026a&amp;apos;
System info: host: &amp;apos;LAPTOP-E2PSIL5I&amp;apos;, ip: &amp;apos;192.168.1.29&amp;apos;, os.name: &amp;apos;Windows 10&amp;apos;, os.arch: &amp;apos;amd64&amp;apos;, os.version: &amp;apos;10.0&amp;apos;, java.version: &amp;apos;17.0.5&amp;apos;
Driver info: org.openqa.selenium.firefox.FirefoxDriver
Command: [647b7a9f-c7e1-4112-bcf2-95c3725138ae, clickElement {id=2184c48c-5742-44f3-9fbd-d70d58f4e279}]
Capabilities {acceptInsecureCerts: true, browserName: firefox, browserVersion: 75.0, moz:accessibilityChecks: false, moz:buildID: 20200403170909, moz:geckodriverVersion: 0.32.2, moz:headless: false, moz:processID: 11336, moz:profile: C:\Users\sharu\AppData\Loca..., moz:shutdownTimeout: 60000, moz:useNonSpecCompliantPointerOrigin: false, moz:webdriverClick: true, pageLoadStrategy: normal, platformName: WINDOWS, platformVersion: 10.0, rotatable: false, setWindowRect: true, strictFileInteractability: false, timeouts: {implicit: 0, pageLoad: 300000, script: 30000}, unhandledPromptBehavior: dismiss and notify}
Element: [[FirefoxDriver: firefox on WINDOWS (647b7a9f-c7e1-4112-bcf2-95c3725138ae)] -&amp;gt; id: nav-item-signout]
Session ID: 647b7a9f-c7e1-4112-bcf2-95c3725138ae">
      <![CDATA[org.openqa.selenium.ElementNotInteractableException: Element <a id="nav-item-signout" class="nav-link nav-item" href="/gp/flex/sign-out.html?path=%2Fgp%2Fyourstore%2Fhome&useRedirectOnSuccess=1&signIn=1&action=sign-out&ref_=nav_AccountFlyout_signout"> could not be scrolled into view
Build info: version: '4.4.0', revision: 'e5c75ed026a'
System info: host: 'LAPTOP-E2PSIL5I', ip: '192.168.1.29', os.name: 'Windows 10', os.arch: 'amd64', os.version: '10.0', java.version: '17.0.5'
Driver info: org.openqa.selenium.firefox.FirefoxDriver
Command: [647b7a9f-c7e1-4112-bcf2-95c3725138ae, clickElement {id=2184c48c-5742-44f3-9fbd-d70d58f4e279}]
Capabilities {acceptInsecureCerts: true, browserName: firefox, browserVersion: 75.0, moz:accessibilityChecks: false, moz:buildID: 20200403170909, moz:geckodriverVersion: 0.32.2, moz:headless: false, moz:processID: 11336, moz:profile: C:\Users\sharu\AppData\Loca..., moz:shutdownTimeout: 60000, moz:useNonSpecCompliantPointerOrigin: false, moz:webdriverClick: true, pageLoadStrategy: normal, platformName: WINDOWS, platformVersion: 10.0, rotatable: false, setWindowRect: true, strictFileInteractability: false, timeouts: {implicit: 0, pageLoad: 300000, script: 30000}, unhandledPromptBehavior: dismiss and notify}
Element: [[FirefoxDriver: firefox on WINDOWS (647b7a9f-c7e1-4112-bcf2-95c3725138ae)] -> id: nav-item-signout]
Session ID: 647b7a9f-c7e1-4112-bcf2-95c3725138ae
at org.openqa.selenium.remote.codec.w3c.W3CHttpResponseCodec.createException(W3CHttpResponseCodec.java:200)
at org.openqa.selenium.remote.codec.w3c.W3CHttpResponseCodec.decode(W3CHttpResponseCodec.java:133)
at org.openqa.selenium.remote.codec.w3c.W3CHttpResponseCodec.decode(W3CHttpResponseCodec.java:53)
at org.openqa.selenium.remote.HttpCommandExecutor.execute(HttpCommandExecutor.java:184)
at org.openqa.selenium.remote.service.DriverCommandExecutor.invokeExecute(DriverCommandExecutor.java:167)
at org.openqa.selenium.remote.service.DriverCommandExecutor.execute(DriverCommandExecutor.java:142)
at org.openqa.selenium.remote.RemoteWebDriver.execute(RemoteWebDriver.java:547)
at org.openqa.selenium.remote.RemoteWebElement.execute(RemoteWebElement.java:257)
at org.openqa.selenium.remote.RemoteWebElement.click(RemoteWebElement.java:78)
at org.openqa.selenium.support.pagefactory.internal.LocatingElementHandler.invoke(LocatingElementHandler.java:52)
at jdk.proxy2/jdk.proxy2.$Proxy23.click(Unknown Source)
at ObjectRepository.HomePage.logoutOfApplication(HomePage.java:106)
at GenericUtilities.BaseClass.amConfig(BaseClass.java:113)
at java.base/java.util.ArrayList.forEach(ArrayList.java:1511)
at java.base/java.util.concurrent.FutureTask.run(FutureTask.java:264)
at java.base/java.util.concurrent.ThreadPoolExecutor.runWorker(ThreadPoolExecutor.java:1136)
at java.base/java.util.concurrent.ThreadPoolExecutor$Worker.run(ThreadPoolExecutor.java:635)
at java.base/java.lang.Thread.run(Thread.java:833)
... Removed 32 stack frames]]>
    </failure>
  </testcase> <!-- @AfterMethod amConfig -->
  <testcase classname="GenericUtilities.BaseClass" name="@AfterClass acConfig" time="-1.676735189684E9">
    <skipped/>
  </testcase> <!-- @AfterClass acConfig -->
  <testcase classname="amazon.UserAccountAndLists.TestScripts.LoginToApplicationTest" name="loginIntoAppTest" time="11.279">
    <failure type="java.lang.AssertionError" message="[ASSERTION FAILED]: Sign in unsuccessful expected [true] but found [false]">
      <![CDATA[java.lang.AssertionError: [ASSERTION FAILED]: Sign in unsuccessful expected [true] but found [false]
at amazon.UserAccountAndLists.TestScripts.LoginToApplicationTest.loginIntoAppTest(LoginToApplicationTest.java:19)
at java.base/java.util.ArrayList.forEach(ArrayList.java:1511)
at java.base/java.util.concurrent.FutureTask.run(FutureTask.java:264)
at java.base/java.util.concurrent.ThreadPoolExecutor.runWorker(ThreadPoolExecutor.java:1136)
at java.base/java.util.concurrent.ThreadPoolExecutor$Worker.run(ThreadPoolExecutor.java:635)
at java.base/java.lang.Thread.run(Thread.java:833)
... Removed 21 stack frames]]>
    </failure>
  </testcase> <!-- loginIntoAppTest -->
  <testcase classname="amazon.SearchProducts.TestScripts.SearchProductTest" name="searchProductTest" time="67.897"/>
  <testcase classname="GenericUtilities.BaseClass" name="@BeforeSuite bsConfig" time="0.0">
    <ignored/>
  </testcase> <!-- @BeforeSuite bsConfig -->
  <testcase classname="GenericUtilities.BaseClass" name="@AfterSuite asConfig" time="0.0">
    <ignored/>
  </testcase> <!-- @AfterSuite asConfig -->
</testsuite> <!-- ChromeExecutionSuite -->
